<?xml version="1.0" encoding="UTF-8"?>
<testng-results skipped="0" failed="0" ignored="0" total="1" passed="1">
  <reporter-output>
    <line>
      <![CDATA[Successfully Launched Chrome Browser]]>
    </line>
    <line>
      <![CDATA[Browser window is maximized successfully]]>
    </line>
  </reporter-output>
  <suite name="Default suite" duration-ms="29996" started-at="2022-03-02T18:31:57 IST" finished-at="2022-03-02T18:32:27 IST">
    <groups>
    </groups>
    <test name="Default test" duration-ms="29996" started-at="2022-03-02T18:31:57 IST" finished-at="2022-03-02T18:32:27 IST">
      <class name="users.Acti_CreateChart_054_Test">
        <test-method status="PASS" signature="openTheBrowser(java.lang.String)[pri:0, instance:users.Acti_CreateChart_054_Test@7a1ebcd8]" name="openTheBrowser" is-config="true" duration-ms="2307" started-at="2022-03-02T18:31:57 IST" finished-at="2022-03-02T18:32:00 IST">
          <params>
            <param index="0">
              <value>
                <![CDATA[chrome]]>
              </value>
            </param>
          </params>
          <reporter-output>
            <line>
              <![CDATA[Successfully Launched Chrome Browser]]>
            </line>
            <line>
              <![CDATA[Browser window is maximized successfully]]>
            </line>
          </reporter-output>
        </test-method> <!-- openTheBrowser -->
        <test-method status="PASS" signature="loginToApplication()[pri:0, instance:users.Acti_CreateChart_054_Test@7a1ebcd8]" name="loginToApplication" is-config="true" duration-ms="9976" started-at="2022-03-02T18:32:00 IST" finished-at="2022-03-02T18:32:10 IST">
          <reporter-output>
          </reporter-output>
        </test-method> <!-- loginToApplication -->
        <test-method status="PASS" signature="test3()[pri:0, instance:users.Acti_CreateChart_054_Test@7a1ebcd8]" name="test3" duration-ms="14285" started-at="2022-03-02T18:32:10 IST" finished-at="2022-03-02T18:32:24 IST">
          <reporter-output>
          </reporter-output>
        </test-method> <!-- test3 -->
        <test-method status="PASS" signature="logoutOfApplication()[pri:0, instance:users.Acti_CreateChart_054_Test@7a1ebcd8]" name="logoutOfApplication" is-config="true" duration-ms="2678" started-at="2022-03-02T18:32:24 IST" finished-at="2022-03-02T18:32:26 IST">
          <reporter-output>
          </reporter-output>
        </test-method> <!-- logoutOfApplication -->
        <test-method status="PASS" signature="closeTheBrowser()[pri:0, instance:users.Acti_CreateChart_054_Test@7a1ebcd8]" name="closeTheBrowser" is-config="true" duration-ms="707" started-at="2022-03-02T18:32:26 IST" finished-at="2022-03-02T18:32:27 IST">
          <reporter-output>
          </reporter-output>
        </test-method> <!-- closeTheBrowser -->
      </class> <!-- users.Acti_CreateChart_054_Test -->
    </test> <!-- Default test -->
  </suite> <!-- Default suite -->
</testng-results>
